<?xml version="1.0" encoding="UTF-8"?>
<testng-results ignored="0" total="33" passed="33" failed="0" skipped="0">
  <reporter-output>
  </reporter-output>
  <suite started-at="2026-05-08T19:23:18 EEST" name="DEPI Gradutaion Project" finished-at="2026-05-08T19:26:02 EEST" duration-ms="164338">
    <groups>
    </groups>
    <test started-at="2026-05-08T19:23:18 EEST" name="UserStories Automation Testing" finished-at="2026-05-08T19:26:02 EEST" duration-ms="164338">
      <class name="Add2Cart">
        <test-method is-config="true" signature="globalSetup()[pri:0, instance:Add2Cart@49d904ec]" started-at="2026-05-08T19:23:42 EEST" name="globalSetup" finished-at="2026-05-08T19:23:43 EEST" duration-ms="930" status="PASS">
          <reporter-output>
          </reporter-output>
        </test-method> <!-- globalSetup -->
        <test-method is-config="true" signature="preRequisites()[pri:0, instance:Add2Cart@49d904ec]" started-at="2026-05-08T19:23:43 EEST" name="preRequisites" finished-at="2026-05-08T19:23:47 EEST" duration-ms="4330" status="PASS">
          <reporter-output>
          </reporter-output>
        </test-method> <!-- preRequisites -->
        <test-method signature="ProductsPageAddProduct()[pri:1, instance:Add2Cart@49d904ec]" started-at="2026-05-08T19:23:47 EEST" name="ProductsPageAddProduct" finished-at="2026-05-08T19:23:49 EEST" duration-ms="2063" status="PASS">
          <reporter-output>
          </reporter-output>
        </test-method> <!-- ProductsPageAddProduct -->
        <test-method signature="ProductDetails()[pri:2, instance:Add2Cart@49d904ec]" started-at="2026-05-08T19:23:49 EEST" name="ProductDetails" finished-at="2026-05-08T19:23:51 EEST" duration-ms="2051" status="PASS">
          <reporter-output>
          </reporter-output>
        </test-method> <!-- ProductDetails -->
        <test-method signature="DetailsPageAddProduct()[pri:3, instance:Add2Cart@49d904ec]" started-at="2026-05-08T19:23:51 EEST" name="DetailsPageAddProduct" finished-at="2026-05-08T19:23:53 EEST" duration-ms="2066" status="PASS">
          <reporter-output>
          </reporter-output>
        </test-method> <!-- DetailsPageAddProduct -->
        <test-method signature="CartsPage()[pri:4, instance:Add2Cart@49d904ec]" started-at="2026-05-08T19:23:53 EEST" name="CartsPage" finished-at="2026-05-08T19:23:55 EEST" duration-ms="2033" status="PASS">
          <reporter-output>
          </reporter-output>
        </test-method> <!-- CartsPage -->
        <test-method signature="ProductsPageAddProducts()[pri:5, instance:Add2Cart@49d904ec]" started-at="2026-05-08T19:23:55 EEST" name="ProductsPageAddProducts" finished-at="2026-05-08T19:24:00 EEST" duration-ms="4175" status="PASS">
          <reporter-output>
          </reporter-output>
        </test-method> <!-- ProductsPageAddProducts -->
        <test-method signature="AddProduct()[pri:8, instance:Add2Cart@49d904ec]" started-at="2026-05-08T19:24:00 EEST" name="AddProduct" finished-at="2026-05-08T19:24:04 EEST" duration-ms="4122" status="PASS">
          <reporter-output>
          </reporter-output>
        </test-method> <!-- AddProduct -->
        <test-method signature="ProductsPageAdd2Product()[pri:10, instance:Add2Cart@49d904ec]" started-at="2026-05-08T19:24:04 EEST" name="ProductsPageAdd2Product" finished-at="2026-05-08T19:24:10 EEST" duration-ms="6173" status="PASS">
          <reporter-output>
          </reporter-output>
        </test-method> <!-- ProductsPageAdd2Product -->
        <test-method signature="CartsPageandCheck()[pri:11, instance:Add2Cart@49d904ec]" started-at="2026-05-08T19:24:10 EEST" name="CartsPageandCheck" finished-at="2026-05-08T19:24:12 EEST" duration-ms="2060" status="PASS">
          <reporter-output>
          </reporter-output>
        </test-method> <!-- CartsPageandCheck -->
        <test-method is-config="true" signature="logout()[pri:0, instance:Add2Cart@49d904ec]" started-at="2026-05-08T19:24:12 EEST" name="logout" finished-at="2026-05-08T19:24:17 EEST" duration-ms="5182" status="PASS">
          <reporter-output>
          </reporter-output>
        </test-method> <!-- logout -->
      </class> <!-- Add2Cart -->
      <class name="logout">
        <test-method is-config="true" signature="globalSetup()[pri:0, instance:logout@3d680b5a]" started-at="2026-05-08T19:24:53 EEST" name="globalSetup" finished-at="2026-05-08T19:24:54 EEST" duration-ms="716" status="PASS">
          <reporter-output>
          </reporter-output>
        </test-method> <!-- globalSetup -->
        <test-method signature="verifyLogoutRedirectsToLogin()[pri:1, instance:logout@3d680b5a]" started-at="2026-05-08T19:24:54 EEST" name="verifyLogoutRedirectsToLogin" finished-at="2026-05-08T19:25:00 EEST" duration-ms="6530" status="PASS">
          <reporter-output>
          </reporter-output>
        </test-method> <!-- verifyLogoutRedirectsToLogin -->
        <test-method signature="verifyLogoutClearsCredentials()[pri:2, instance:logout@3d680b5a]" started-at="2026-05-08T19:25:00 EEST" name="verifyLogoutClearsCredentials" finished-at="2026-05-08T19:25:06 EEST" duration-ms="5244" status="PASS">
          <reporter-output>
          </reporter-output>
        </test-method> <!-- verifyLogoutClearsCredentials -->
        <test-method signature="verifyBackNavigationBlockedAfterLogout()[pri:3, instance:logout@3d680b5a]" started-at="2026-05-08T19:25:06 EEST" name="verifyBackNavigationBlockedAfterLogout" finished-at="2026-05-08T19:25:12 EEST" duration-ms="6234" status="PASS">
          <reporter-output>
          </reporter-output>
        </test-method> <!-- verifyBackNavigationBlockedAfterLogout -->
        <test-method is-config="true" signature="logout()[pri:0, instance:logout@3d680b5a]" started-at="2026-05-08T19:25:12 EEST" name="logout" finished-at="2026-05-08T19:25:12 EEST" duration-ms="84" status="PASS">
          <reporter-output>
          </reporter-output>
        </test-method> <!-- logout -->
      </class> <!-- logout -->
      <class name="RemoveItemsIntegration">
        <test-method is-config="true" signature="globalSetup()[pri:0, instance:RemoveItemsIntegration@48e4374]" started-at="2026-05-08T19:24:17 EEST" name="globalSetup" finished-at="2026-05-08T19:24:17 EEST" duration-ms="367" status="PASS">
          <reporter-output>
          </reporter-output>
        </test-method> <!-- globalSetup -->
        <test-method is-config="true" signature="preRequisites()[pri:0, instance:RemoveItemsIntegration@48e4374]" started-at="2026-05-08T19:24:17 EEST" name="preRequisites" finished-at="2026-05-08T19:24:22 EEST" duration-ms="4883" status="PASS">
          <reporter-output>
          </reporter-output>
        </test-method> <!-- preRequisites -->
        <test-method signature="ProductsPageAddAllItems()[pri:1, instance:RemoveItemsIntegration@48e4374]" started-at="2026-05-08T19:24:22 EEST" name="ProductsPageAddAllItems" finished-at="2026-05-08T19:24:30 EEST" duration-ms="7310" status="PASS">
          <reporter-output>
          </reporter-output>
        </test-method> <!-- ProductsPageAddAllItems -->
        <test-method signature="InventoryPageRemoveItem()[pri:2, instance:RemoveItemsIntegration@48e4374]" started-at="2026-05-08T19:24:30 EEST" name="InventoryPageRemoveItem" finished-at="2026-05-08T19:24:32 EEST" duration-ms="2049" status="PASS">
          <reporter-output>
          </reporter-output>
        </test-method> <!-- InventoryPageRemoveItem -->
        <test-method signature="DetailsPageRemoveItem()[pri:3, instance:RemoveItemsIntegration@48e4374]" started-at="2026-05-08T19:24:32 EEST" name="DetailsPageRemoveItem" finished-at="2026-05-08T19:24:36 EEST" duration-ms="4118" status="PASS">
          <reporter-output>
          </reporter-output>
        </test-method> <!-- DetailsPageRemoveItem -->
        <test-method signature="CartsPageNavigation()[pri:4, instance:RemoveItemsIntegration@48e4374]" started-at="2026-05-08T19:24:36 EEST" name="CartsPageNavigation" finished-at="2026-05-08T19:24:38 EEST" duration-ms="2048" status="PASS">
          <reporter-output>
          </reporter-output>
        </test-method> <!-- CartsPageNavigation -->
        <test-method signature="CartsPageRemoveItem()[pri:5, instance:RemoveItemsIntegration@48e4374]" started-at="2026-05-08T19:24:38 EEST" name="CartsPageRemoveItem" finished-at="2026-05-08T19:24:40 EEST" duration-ms="2066" status="PASS">
          <reporter-output>
          </reporter-output>
        </test-method> <!-- CartsPageRemoveItem -->
        <test-method is-config="true" signature="logout()[pri:0, instance:RemoveItemsIntegration@48e4374]" started-at="2026-05-08T19:24:40 EEST" name="logout" finished-at="2026-05-08T19:24:53 EEST" duration-ms="13221" status="PASS">
          <reporter-output>
          </reporter-output>
        </test-method> <!-- logout -->
      </class> <!-- RemoveItemsIntegration -->
      <class name="ProductDetails">
        <test-method is-config="true" signature="globalSetup()[pri:0, instance:ProductDetails@4a22f9e2]" started-at="2026-05-08T19:25:27 EEST" name="globalSetup" finished-at="2026-05-08T19:25:28 EEST" duration-ms="725" status="PASS">
          <reporter-output>
          </reporter-output>
        </test-method> <!-- globalSetup -->
        <test-method is-config="true" signature="preRequisites()[pri:0, instance:ProductDetails@4a22f9e2]" started-at="2026-05-08T19:25:28 EEST" name="preRequisites" finished-at="2026-05-08T19:25:32 EEST" duration-ms="4334" status="PASS">
          <reporter-output>
          </reporter-output>
        </test-method> <!-- preRequisites -->
        <test-method signature="PageElementsForBackpack()[pri:1, instance:ProductDetails@4a22f9e2]" started-at="2026-05-08T19:25:32 EEST" name="PageElementsForBackpack" finished-at="2026-05-08T19:25:34 EEST" duration-ms="2121" status="PASS">
          <reporter-output>
          </reporter-output>
        </test-method> <!-- PageElementsForBackpack -->
        <test-method signature="AddBackpackToCart()[pri:2, instance:ProductDetails@4a22f9e2]" started-at="2026-05-08T19:25:34 EEST" name="AddBackpackToCart" finished-at="2026-05-08T19:25:36 EEST" duration-ms="2054" status="PASS">
          <reporter-output>
          </reporter-output>
        </test-method> <!-- AddBackpackToCart -->
        <test-method signature="BackToProductsAndNavigateToBikeLight()[pri:3, instance:ProductDetails@4a22f9e2]" started-at="2026-05-08T19:25:36 EEST" name="BackToProductsAndNavigateToBikeLight" finished-at="2026-05-08T19:25:39 EEST" duration-ms="3104" status="PASS">
          <reporter-output>
          </reporter-output>
        </test-method> <!-- BackToProductsAndNavigateToBikeLight -->
        <test-method signature="AddBikeLightAndVerifyBadge()[pri:4, instance:ProductDetails@4a22f9e2]" started-at="2026-05-08T19:25:39 EEST" name="AddBikeLightAndVerifyBadge" finished-at="2026-05-08T19:25:41 EEST" duration-ms="2051" status="PASS">
          <reporter-output>
          </reporter-output>
        </test-method> <!-- AddBikeLightAndVerifyBadge -->
        <test-method signature="CartContainsBothItems()[pri:5, instance:ProductDetails@4a22f9e2]" started-at="2026-05-08T19:25:41 EEST" name="CartContainsBothItems" finished-at="2026-05-08T19:25:44 EEST" duration-ms="3099" status="PASS">
          <reporter-output>
          </reporter-output>
        </test-method> <!-- CartContainsBothItems -->
        <test-method signature="RemoveBackpackAndVerifyBadge()[pri:6, instance:ProductDetails@4a22f9e2]" started-at="2026-05-08T19:25:44 EEST" name="RemoveBackpackAndVerifyBadge" finished-at="2026-05-08T19:25:47 EEST" duration-ms="3125" status="PASS">
          <reporter-output>
          </reporter-output>
        </test-method> <!-- RemoveBackpackAndVerifyBadge -->
        <test-method signature="NavigateToProductViaImage()[pri:7, instance:ProductDetails@4a22f9e2]" started-at="2026-05-08T19:25:47 EEST" name="NavigateToProductViaImage" finished-at="2026-05-08T19:25:51 EEST" duration-ms="3103" status="PASS">
          <reporter-output>
          </reporter-output>
        </test-method> <!-- NavigateToProductViaImage -->
        <test-method is-config="true" signature="logout()[pri:0, instance:ProductDetails@4a22f9e2]" started-at="2026-05-08T19:25:51 EEST" name="logout" finished-at="2026-05-08T19:26:02 EEST" duration-ms="11281" status="PASS">
          <reporter-output>
          </reporter-output>
        </test-method> <!-- logout -->
      </class> <!-- ProductDetails -->
      <class name="E2E">
        <test-method is-config="true" signature="globalSetup()[pri:0, instance:E2E@4b5d6a01]" started-at="2026-05-08T19:25:12 EEST" name="globalSetup" finished-at="2026-05-08T19:25:13 EEST" duration-ms="867" status="PASS">
          <reporter-output>
          </reporter-output>
        </test-method> <!-- globalSetup -->
        <test-method signature="ENDTOENDTEST()[pri:0, instance:E2E@4b5d6a01]" started-at="2026-05-08T19:25:13 EEST" name="ENDTOENDTEST" finished-at="2026-05-08T19:25:25 EEST" duration-ms="11840" status="PASS">
          <reporter-output>
          </reporter-output>
        </test-method> <!-- ENDTOENDTEST -->
        <test-method is-config="true" signature="logout()[pri:0, instance:E2E@4b5d6a01]" started-at="2026-05-08T19:25:25 EEST" name="logout" finished-at="2026-05-08T19:25:27 EEST" duration-ms="2200" status="PASS">
          <reporter-output>
          </reporter-output>
        </test-method> <!-- logout -->
      </class> <!-- E2E -->
      <class name="Sort">
        <test-method is-config="true" signature="globalSetup()[pri:0, instance:Sort@3ba9ad43]" started-at="2026-05-08T19:23:27 EEST" name="globalSetup" finished-at="2026-05-08T19:23:28 EEST" duration-ms="732" status="PASS">
          <reporter-output>
          </reporter-output>
        </test-method> <!-- globalSetup -->
        <test-method is-config="true" signature="preRequisites()[pri:0, instance:Sort@3ba9ad43]" started-at="2026-05-08T19:23:28 EEST" name="preRequisites" finished-at="2026-05-08T19:23:32 EEST" duration-ms="4368" status="PASS">
          <reporter-output>
          </reporter-output>
        </test-method> <!-- preRequisites -->
        <test-method signature="SORT_product_Name_ZtoA()[pri:1, instance:Sort@3ba9ad43]" started-at="2026-05-08T19:23:32 EEST" name="SORT_product_Name_ZtoA" finished-at="2026-05-08T19:23:33 EEST" duration-ms="1106" status="PASS">
          <reporter-output>
          </reporter-output>
        </test-method> <!-- SORT_product_Name_ZtoA -->
        <test-method signature="SORT_product_Price_HighToLow()[pri:2, instance:Sort@3ba9ad43]" started-at="2026-05-08T19:23:33 EEST" name="SORT_product_Price_HighToLow" finished-at="2026-05-08T19:23:34 EEST" duration-ms="1080" status="PASS">
          <reporter-output>
          </reporter-output>
        </test-method> <!-- SORT_product_Price_HighToLow -->
        <test-method signature="SORT_product_Price_LowToHigh()[pri:3, instance:Sort@3ba9ad43]" started-at="2026-05-08T19:23:34 EEST" name="SORT_product_Price_LowToHigh" finished-at="2026-05-08T19:23:35 EEST" duration-ms="1078" status="PASS">
          <reporter-output>
          </reporter-output>
        </test-method> <!-- SORT_product_Price_LowToHigh -->
        <test-method signature="verifyProductDetailsPageOpens()[pri:4, instance:Sort@3ba9ad43]" started-at="2026-05-08T19:23:35 EEST" name="verifyProductDetailsPageOpens" finished-at="2026-05-08T19:23:39 EEST" duration-ms="3133" status="PASS">
          <reporter-output>
          </reporter-output>
        </test-method> <!-- verifyProductDetailsPageOpens -->
        <test-method signature="verifyAddFirstSortedProductToCart()[pri:5, instance:Sort@3ba9ad43]" started-at="2026-05-08T19:23:39 EEST" name="verifyAddFirstSortedProductToCart" finished-at="2026-05-08T19:23:41 EEST" duration-ms="2132" status="PASS">
          <reporter-output>
          </reporter-output>
        </test-method> <!-- verifyAddFirstSortedProductToCart -->
        <test-method signature="verifyCorrectItemAddedFromSortedList()[pri:6, instance:Sort@3ba9ad43]" started-at="2026-05-08T19:23:41 EEST" name="verifyCorrectItemAddedFromSortedList" finished-at="2026-05-08T19:23:42 EEST" duration-ms="1053" status="PASS">
          <reporter-output>
          </reporter-output>
        </test-method> <!-- verifyCorrectItemAddedFromSortedList -->
        <test-method is-config="true" signature="logout()[pri:0, instance:Sort@3ba9ad43]" started-at="2026-05-08T19:23:42 EEST" name="logout" finished-at="2026-05-08T19:23:42 EEST" duration-ms="98" status="PASS">
          <reporter-output>
          </reporter-output>
        </test-method> <!-- logout -->
      </class> <!-- Sort -->
      <class name="login">
        <test-method is-config="true" signature="globalSetup()[pri:0, instance:login@3eb7fc54]" started-at="2026-05-08T19:23:18 EEST" name="globalSetup" finished-at="2026-05-08T19:23:18 EEST" duration-ms="933" status="PASS">
          <reporter-output>
          </reporter-output>
        </test-method> <!-- globalSetup -->
        <test-method signature="valid_login()[pri:1, instance:login@3eb7fc54]" started-at="2026-05-08T19:23:18 EEST" name="valid_login" finished-at="2026-05-08T19:23:23 EEST" duration-ms="4235" status="PASS">
          <reporter-output>
          </reporter-output>
        </test-method> <!-- valid_login -->
        <test-method signature="invalid_login()[pri:2, instance:login@3eb7fc54]" started-at="2026-05-08T19:23:23 EEST" name="invalid_login" finished-at="2026-05-08T19:23:25 EEST" duration-ms="2163" status="PASS">
          <reporter-output>
          </reporter-output>
        </test-method> <!-- invalid_login -->
        <test-method signature="Locked_login()[pri:3, instance:login@3eb7fc54]" started-at="2026-05-08T19:23:25 EEST" name="Locked_login" finished-at="2026-05-08T19:23:27 EEST" duration-ms="2127" status="PASS">
          <reporter-output>
          </reporter-output>
        </test-method> <!-- Locked_login -->
        <test-method is-config="true" signature="logout()[pri:0, instance:login@3eb7fc54]" started-at="2026-05-08T19:23:27 EEST" name="logout" finished-at="2026-05-08T19:23:27 EEST" duration-ms="90" status="PASS">
          <reporter-output>
          </reporter-output>
        </test-method> <!-- logout -->
      </class> <!-- login -->
    </test> <!-- UserStories Automation Testing -->
  </suite> <!-- DEPI Gradutaion Project -->
</testng-results>
