<?xml version="1.0" encoding="UTF-8"?>
<testsuite xmlns:xsi="http://www.w3.org/2001/XMLSchema-instance" xsi:noNamespaceSchemaLocation="https://maven.apache.org/surefire/maven-surefire-plugin/xsd/surefire-test-report.xsd" version="3.0.2" name="TestSuite" time="164.531" tests="33" errors="0" skipped="0" failures="0">
  <properties>
[...]
</properties>
  <testcase name="valid_login" classname="login" time="4.237">
    <system-err><![CDATA[SLF4J(W): No SLF4J providers were found.
SLF4J(W): Defaulting to no-operation (NOP) logger implementation
SLF4J(W): See https://www.slf4j.org/codes.html#noProviders for further details.
May 08, 2026 7:23:18 PM org.openqa.selenium.devtools.CdpVersionFinder findNearestMatch
WARNING: Unable to find CDP implementation matching 147
May 08, 2026 7:23:18 PM org.openqa.selenium.chromium.ChromiumDriver lambda$new$5
WARNING: Unable to find version of CDP to use for 147.0.7727.139. You may need to include a dependency on a specific version of the CDP using something similar to `org.seleniumhq.selenium:selenium-devtools-v86:4.26.0` where the version ("v86") matches the version of the chromium-based browser you're using and the version number of the artifact is the same as Selenium's.
]]></system-err>
  </testcase>
  <testcase name="invalid_login" classname="login" time="2.16"/>
  <testcase name="Locked_login" classname="login" time="2.128"/>
  <testcase name="SORT_product_Name_ZtoA" classname="Sort" time="1.106">
    <system-err><![CDATA[May 08, 2026 7:23:27 PM org.openqa.selenium.devtools.CdpVersionFinder findNearestMatch
WARNING: Unable to find CDP implementation matching 147
May 08, 2026 7:23:27 PM org.openqa.selenium.chromium.ChromiumDriver lambda$new$5
WARNING: Unable to find version of CDP to use for 147.0.7727.139. You may need to include a dependency on a specific version of the CDP using something similar to `org.seleniumhq.selenium:selenium-devtools-v86:4.26.0` where the version ("v86") matches the version of the chromium-based browser you're using and the version number of the artifact is the same as Selenium's.
]]></system-err>
  </testcase>
  <testcase name="SORT_product_Price_HighToLow" classname="Sort" time="1.08"/>
  <testcase name="SORT_product_Price_LowToHigh" classname="Sort" time="1.079"/>
  <testcase name="verifyProductDetailsPageOpens" classname="Sort" time="3.134"/>
  <testcase name="verifyAddFirstSortedProductToCart" classname="Sort" time="2.133"/>
  <testcase name="verifyCorrectItemAddedFromSortedList" classname="Sort" time="1.054"/>
  <testcase name="ProductsPageAddProduct" classname="Add2Cart" time="2.062">
    <system-err><![CDATA[May 08, 2026 7:23:42 PM org.openqa.selenium.devtools.CdpVersionFinder findNearestMatch
WARNING: Unable to find CDP implementation matching 147
May 08, 2026 7:23:42 PM org.openqa.selenium.chromium.ChromiumDriver lambda$new$5
WARNING: Unable to find version of CDP to use for 147.0.7727.139. You may need to include a dependency on a specific version of the CDP using something similar to `org.seleniumhq.selenium:selenium-devtools-v86:4.26.0` where the version ("v86") matches the version of the chromium-based browser you're using and the version number of the artifact is the same as Selenium's.
]]></system-err>
  </testcase>
  <testcase name="ProductDetails" classname="Add2Cart" time="2.052"/>
  <testcase name="DetailsPageAddProduct" classname="Add2Cart" time="2.066"/>
  <testcase name="CartsPage" classname="Add2Cart" time="2.033"/>
  <testcase name="ProductsPageAddProducts" classname="Add2Cart" time="4.176"/>
  <testcase name="AddProduct" classname="Add2Cart" time="4.122"/>
  <testcase name="ProductsPageAdd2Product" classname="Add2Cart" time="6.173"/>
  <testcase name="CartsPageandCheck" classname="Add2Cart" time="2.06"/>
  <testcase name="ProductsPageAddAllItems" classname="RemoveItemsIntegration" time="7.309">
    <system-err><![CDATA[May 08, 2026 7:24:17 PM org.openqa.selenium.devtools.CdpVersionFinder findNearestMatch
WARNING: Unable to find CDP implementation matching 147
May 08, 2026 7:24:17 PM org.openqa.selenium.chromium.ChromiumDriver lambda$new$5
WARNING: Unable to find version of CDP to use for 147.0.7727.139. You may need to include a dependency on a specific version of the CDP using something similar to `org.seleniumhq.selenium:selenium-devtools-v86:4.26.0` where the version ("v86") matches the version of the chromium-based browser you're using and the version number of the artifact is the same as Selenium's.
]]></system-err>
  </testcase>
  <testcase name="InventoryPageRemoveItem" classname="RemoveItemsIntegration" time="2.05"/>
  <testcase name="DetailsPageRemoveItem" classname="RemoveItemsIntegration" time="4.117"/>
  <testcase name="CartsPageNavigation" classname="RemoveItemsIntegration" time="2.049"/>
  <testcase name="CartsPageRemoveItem" classname="RemoveItemsIntegration" time="2.067"/>
  <testcase name="verifyLogoutRedirectsToLogin" classname="logout" time="6.53">
    <system-err><![CDATA[May 08, 2026 7:24:54 PM org.openqa.selenium.devtools.CdpVersionFinder findNearestMatch
WARNING: Unable to find CDP implementation matching 147
May 08, 2026 7:24:54 PM org.openqa.selenium.chromium.ChromiumDriver lambda$new$5
WARNING: Unable to find version of CDP to use for 147.0.7727.139. You may need to include a dependency on a specific version of the CDP using something similar to `org.seleniumhq.selenium:selenium-devtools-v86:4.26.0` where the version ("v86") matches the version of the chromium-based browser you're using and the version number of the artifact is the same as Selenium's.
]]></system-err>
  </testcase>
  <testcase name="verifyLogoutClearsCredentials" classname="logout" time="5.245"/>
  <testcase name="verifyBackNavigationBlockedAfterLogout" classname="logout" time="6.234"/>
  <testcase name="ENDTOENDTEST" classname="E2E" time="11.84">
    <system-err><![CDATA[May 08, 2026 7:25:12 PM org.openqa.selenium.devtools.CdpVersionFinder findNearestMatch
WARNING: Unable to find CDP implementation matching 147
May 08, 2026 7:25:12 PM org.openqa.selenium.chromium.ChromiumDriver lambda$new$5
WARNING: Unable to find version of CDP to use for 147.0.7727.139. You may need to include a dependency on a specific version of the CDP using something similar to `org.seleniumhq.selenium:selenium-devtools-v86:4.26.0` where the version ("v86") matches the version of the chromium-based browser you're using and the version number of the artifact is the same as Selenium's.
]]></system-err>
  </testcase>
  <testcase name="PageElementsForBackpack" classname="ProductDetails" time="2.12">
    <system-err><![CDATA[May 08, 2026 7:25:27 PM org.openqa.selenium.devtools.CdpVersionFinder findNearestMatch
WARNING: Unable to find CDP implementation matching 147
May 08, 2026 7:25:27 PM org.openqa.selenium.chromium.ChromiumDriver lambda$new$5
WARNING: Unable to find version of CDP to use for 147.0.7727.139. You may need to include a dependency on a specific version of the CDP using something similar to `org.seleniumhq.selenium:selenium-devtools-v86:4.26.0` where the version ("v86") matches the version of the chromium-based browser you're using and the version number of the artifact is the same as Selenium's.
]]></system-err>
  </testcase>
  <testcase name="AddBackpackToCart" classname="ProductDetails" time="2.054"/>
  <testcase name="BackToProductsAndNavigateToBikeLight" classname="ProductDetails" time="3.103"/>
  <testcase name="AddBikeLightAndVerifyBadge" classname="ProductDetails" time="2.051"/>
  <testcase name="CartContainsBothItems" classname="ProductDetails" time="3.099"/>
  <testcase name="RemoveBackpackAndVerifyBadge" classname="ProductDetails" time="3.126"/>
  <testcase name="NavigateToProductViaImage" classname="ProductDetails" time="3.103"/>
</testsuite>