<?xml version="1.0" encoding="UTF-8"?>
<!-- Generated by org.testng.reporters.JUnitXMLReporter -->
<testsuite ignored="0" hostname="Yousefs-MacBook-Air.local" failures="0" tests="33" name="UserStories Automation Testing" time="164.338" errors="0" timestamp="2026-05-08T19:26:02 EEST">
  <testcase classname="login" name="valid_login" time="4.235"/>
  <testcase classname="login" name="invalid_login" time="2.163"/>
  <testcase classname="login" name="Locked_login" time="2.127"/>
  <testcase classname="Sort" name="SORT_product_Name_ZtoA" time="1.106"/>
  <testcase classname="Sort" name="SORT_product_Price_HighToLow" time="1.08"/>
  <testcase classname="Sort" name="SORT_product_Price_LowToHigh" time="1.078"/>
  <testcase classname="Sort" name="verifyProductDetailsPageOpens" time="3.133"/>
  <testcase classname="Sort" name="verifyAddFirstSortedProductToCart" time="2.132"/>
  <testcase classname="Sort" name="verifyCorrectItemAddedFromSortedList" time="1.053"/>
  <testcase classname="Add2Cart" name="ProductsPageAddProduct" time="2.063"/>
  <testcase classname="Add2Cart" name="ProductDetails" time="2.051"/>
  <testcase classname="Add2Cart" name="DetailsPageAddProduct" time="2.066"/>
  <testcase classname="Add2Cart" name="CartsPage" time="2.033"/>
  <testcase classname="Add2Cart" name="ProductsPageAddProducts" time="4.175"/>
  <testcase classname="Add2Cart" name="AddProduct" time="4.122"/>
  <testcase classname="Add2Cart" name="ProductsPageAdd2Product" time="6.173"/>
  <testcase classname="Add2Cart" name="CartsPageandCheck" time="2.06"/>
  <testcase classname="RemoveItemsIntegration" name="ProductsPageAddAllItems" time="7.31"/>
  <testcase classname="RemoveItemsIntegration" name="InventoryPageRemoveItem" time="2.049"/>
  <testcase classname="RemoveItemsIntegration" name="DetailsPageRemoveItem" time="4.118"/>
  <testcase classname="RemoveItemsIntegration" name="CartsPageNavigation" time="2.048"/>
  <testcase classname="RemoveItemsIntegration" name="CartsPageRemoveItem" time="2.066"/>
  <testcase classname="logout" name="verifyLogoutRedirectsToLogin" time="6.53"/>
  <testcase classname="logout" name="verifyLogoutClearsCredentials" time="5.244"/>
  <testcase classname="logout" name="verifyBackNavigationBlockedAfterLogout" time="6.234"/>
  <testcase classname="E2E" name="ENDTOENDTEST" time="11.84"/>
  <testcase classname="ProductDetails" name="PageElementsForBackpack" time="2.121"/>
  <testcase classname="ProductDetails" name="AddBackpackToCart" time="2.054"/>
  <testcase classname="ProductDetails" name="BackToProductsAndNavigateToBikeLight" time="3.104"/>
  <testcase classname="ProductDetails" name="AddBikeLightAndVerifyBadge" time="2.051"/>
  <testcase classname="ProductDetails" name="CartContainsBothItems" time="3.099"/>
  <testcase classname="ProductDetails" name="RemoveBackpackAndVerifyBadge" time="3.125"/>
  <testcase classname="ProductDetails" name="NavigateToProductViaImage" time="3.103"/>
</testsuite> <!-- UserStories Automation Testing -->
