<?xml version="1.0" encoding="UTF-8"?>
<!-- Generated by org.testng.reporters.JUnitReportReporter -->
<testsuite hostname="Yousefs-MacBook-Air.local" failures="0" tests="5" name="RemoveItemsIntegration" time="17.566" errors="0" timestamp="2026-05-10T19:17:12 EEST" skipped="0">
  <testcase classname="RemoveItemsIntegration" name="ProductsPageAddAllItems" time="7.297"/>
  <testcase classname="RemoveItemsIntegration" name="InventoryPageRemoveItem" time="2.047"/>
  <testcase classname="RemoveItemsIntegration" name="DetailsPageRemoveItem" time="4.110"/>
  <testcase classname="RemoveItemsIntegration" name="CartsPageNavigation" time="2.050"/>
  <testcase classname="RemoveItemsIntegration" name="CartsPageRemoveItem" time="2.062"/>
</testsuite> <!-- RemoveItemsIntegration -->
