<?xml version="1.0" encoding="UTF-8"?>
<!-- Generated by org.testng.reporters.JUnitReportReporter -->
<testsuite hostname="Yousefs-MacBook-Air.local" failures="0" tests="3" name="logout" time="17.672" errors="0" timestamp="2026-05-10T19:17:12 EEST" skipped="0">
  <testcase classname="logout" name="verifyLogoutRedirectsToLogin" time="6.199"/>
  <testcase classname="logout" name="verifyLogoutClearsCredentials" time="5.238"/>
  <testcase classname="logout" name="verifyBackNavigationBlockedAfterLogout" time="6.235"/>
</testsuite> <!-- logout -->
