<?xml version="1.0" encoding="UTF-8"?>
<!-- Generated by org.testng.reporters.JUnitReportReporter -->
<testsuite hostname="Yousefs-MacBook-Air.local" failures="0" tests="3" name="logout" time="18.008" errors="0" timestamp="2026-05-08T19:26:02 EEST" skipped="0">
  <testcase classname="logout" name="verifyLogoutRedirectsToLogin" time="6.530"/>
  <testcase classname="logout" name="verifyLogoutClearsCredentials" time="5.244"/>
  <testcase classname="logout" name="verifyBackNavigationBlockedAfterLogout" time="6.234"/>
</testsuite> <!-- logout -->
