<?xml version="1.0" encoding="UTF-8"?>
<!-- Generated by org.testng.reporters.JUnitReportReporter -->
<testsuite hostname="Yousefs-MacBook-Air.local" failures="0" tests="5" name="RemoveItemsIntegration" time="17.591" errors="0" timestamp="2026-05-08T19:26:02 EEST" skipped="0">
  <testcase classname="RemoveItemsIntegration" name="ProductsPageAddAllItems" time="7.310"/>
  <testcase classname="RemoveItemsIntegration" name="InventoryPageRemoveItem" time="2.049"/>
  <testcase classname="RemoveItemsIntegration" name="DetailsPageRemoveItem" time="4.118"/>
  <testcase classname="RemoveItemsIntegration" name="CartsPageNavigation" time="2.048"/>
  <testcase classname="RemoveItemsIntegration" name="CartsPageRemoveItem" time="2.066"/>
</testsuite> <!-- RemoveItemsIntegration -->
