<?xml version="1.0" encoding="UTF-8"?>
<!-- Generated by org.testng.reporters.JUnitReportReporter -->
<testsuite hostname="Yousefs-MacBook-Air.local" failures="0" tests="7" name="ProductDetails" time="18.651" errors="0" timestamp="2026-05-10T19:17:12 EEST" skipped="0">
  <testcase classname="ProductDetails" name="PageElementsForBackpack" time="2.142"/>
  <testcase classname="ProductDetails" name="AddBackpackToCart" time="2.052"/>
  <testcase classname="ProductDetails" name="BackToProductsAndNavigateToBikeLight" time="3.106"/>
  <testcase classname="ProductDetails" name="AddBikeLightAndVerifyBadge" time="2.047"/>
  <testcase classname="ProductDetails" name="CartContainsBothItems" time="3.101"/>
  <testcase classname="ProductDetails" name="RemoveBackpackAndVerifyBadge" time="3.098"/>
  <testcase classname="ProductDetails" name="NavigateToProductViaImage" time="3.105"/>
</testsuite> <!-- ProductDetails -->
