<?xml version="1.0" encoding="UTF-8"?>
<!-- Generated by org.testng.reporters.JUnitReportReporter -->
<testsuite hostname="Yousefs-MacBook-Air.local" failures="0" tests="6" name="Sort" time="9.582" errors="0" timestamp="2026-05-08T19:26:02 EEST" skipped="0">
  <testcase classname="Sort" name="SORT_product_Name_ZtoA" time="1.106"/>
  <testcase classname="Sort" name="SORT_product_Price_HighToLow" time="1.080"/>
  <testcase classname="Sort" name="SORT_product_Price_LowToHigh" time="1.078"/>
  <testcase classname="Sort" name="verifyProductDetailsPageOpens" time="3.133"/>
  <testcase classname="Sort" name="verifyAddFirstSortedProductToCart" time="2.132"/>
  <testcase classname="Sort" name="verifyCorrectItemAddedFromSortedList" time="1.053"/>
</testsuite> <!-- Sort -->
