<?xml version="1.0" encoding="UTF-8"?>
<!-- Generated by org.testng.reporters.JUnitReportReporter -->
<testsuite hostname="Yousefs-MacBook-Air.local" failures="0" tests="8" name="Add2Cart" time="24.743" errors="0" timestamp="2026-05-08T19:26:02 EEST" skipped="0">
  <testcase classname="Add2Cart" name="ProductsPageAddProduct" time="2.063"/>
  <testcase classname="Add2Cart" name="ProductDetails" time="2.051"/>
  <testcase classname="Add2Cart" name="DetailsPageAddProduct" time="2.066"/>
  <testcase classname="Add2Cart" name="CartsPage" time="2.033"/>
  <testcase classname="Add2Cart" name="ProductsPageAddProducts" time="4.175"/>
  <testcase classname="Add2Cart" name="AddProduct" time="4.122"/>
  <testcase classname="Add2Cart" name="ProductsPageAdd2Product" time="6.173"/>
  <testcase classname="Add2Cart" name="CartsPageandCheck" time="2.060"/>
</testsuite> <!-- Add2Cart -->
