<?xml version="1.0" encoding="UTF-8"?>
<!-- Generated by org.testng.reporters.JUnitReportReporter -->
<testsuite hostname="Yousefs-MacBook-Air.local" failures="0" tests="8" name="Add2Cart" time="24.704" errors="0" timestamp="2026-05-10T19:17:12 EEST" skipped="0">
  <testcase classname="Add2Cart" name="ProductsPageAddProduct" time="2.054"/>
  <testcase classname="Add2Cart" name="ProductDetails" time="2.052"/>
  <testcase classname="Add2Cart" name="DetailsPageAddProduct" time="2.061"/>
  <testcase classname="Add2Cart" name="CartsPage" time="2.038"/>
  <testcase classname="Add2Cart" name="ProductsPageAddProducts" time="4.153"/>
  <testcase classname="Add2Cart" name="AddProduct" time="4.104"/>
  <testcase classname="Add2Cart" name="ProductsPageAdd2Product" time="6.185"/>
  <testcase classname="Add2Cart" name="CartsPageandCheck" time="2.057"/>
</testsuite> <!-- Add2Cart -->
