<?xml version="1.0" encoding="UTF-8"?>
<!-- Generated by org.testng.reporters.JUnitReportReporter -->
<testsuite hostname="Yousefs-MacBook-Air.local" failures="0" tests="7" name="ProductDetails" time="18.657" errors="0" timestamp="2026-05-08T19:26:02 EEST" skipped="0">
  <testcase classname="ProductDetails" name="PageElementsForBackpack" time="2.121"/>
  <testcase classname="ProductDetails" name="AddBackpackToCart" time="2.054"/>
  <testcase classname="ProductDetails" name="BackToProductsAndNavigateToBikeLight" time="3.104"/>
  <testcase classname="ProductDetails" name="AddBikeLightAndVerifyBadge" time="2.051"/>
  <testcase classname="ProductDetails" name="CartContainsBothItems" time="3.099"/>
  <testcase classname="ProductDetails" name="RemoveBackpackAndVerifyBadge" time="3.125"/>
  <testcase classname="ProductDetails" name="NavigateToProductViaImage" time="3.103"/>
</testsuite> <!-- ProductDetails -->
